0 info it worked if it ends with ok
1 verbose cli [ 'node', '/usr/local/bin/npm', 'instal', 'https' ]
2 info using npm@1.4.3
3 info using node@v0.10.26
4 warn package.json ProduccionServer@0.0.1 No repository field.
5 warn package.json vows@0.5.13 No repository field.
6 verbose readDependencies using package.json deps
7 verbose cache add [ 'https', null ]
8 verbose cache add name=undefined spec="https" args=["https",null]
9 verbose parsed url { protocol: null,
9 verbose parsed url   slashes: null,
9 verbose parsed url   auth: null,
9 verbose parsed url   host: null,
9 verbose parsed url   port: null,
9 verbose parsed url   hostname: null,
9 verbose parsed url   hash: null,
9 verbose parsed url   search: null,
9 verbose parsed url   query: null,
9 verbose parsed url   pathname: 'https',
9 verbose parsed url   path: 'https',
9 verbose parsed url   href: 'https' }
10 silly lockFile c3437dbc-https https
11 verbose lock https /Users/ikerib/.npm/c3437dbc-https.lock
12 silly lockFile c3437dbc-https https
13 silly lockFile c3437dbc-https https
14 verbose addNamed [ 'https', '' ]
15 verbose addNamed [ null, '*' ]
16 silly lockFile 421d451a-https https@
17 verbose lock https@ /Users/ikerib/.npm/421d451a-https.lock
18 silly addNameRange { name: 'https', range: '*', hasData: false }
19 verbose url raw https
20 verbose url resolving [ 'https://registry.npmjs.org/', './https' ]
21 verbose url resolved https://registry.npmjs.org/https
22 info trying registry request attempt 1 at 13:16:45
23 http GET https://registry.npmjs.org/https
24 http 404 https://registry.npmjs.org/https
25 silly registry.get cb [ 404,
25 silly registry.get   { date: 'Tue, 15 Jul 2014 11:13:42 GMT',
25 silly registry.get     server: 'CouchDB/1.5.0 (Erlang OTP/R16B03)',
25 silly registry.get     'content-type': 'application/json',
25 silly registry.get     'cache-control': 'max-age=0',
25 silly registry.get     'content-length': '52',
25 silly registry.get     'accept-ranges': 'bytes',
25 silly registry.get     via: '1.1 varnish',
25 silly registry.get     age: '0',
25 silly registry.get     'x-served-by': 'cache-lcy1132-LCY',
25 silly registry.get     'x-cache': 'MISS',
25 silly registry.get     'x-cache-hits': '0',
25 silly registry.get     'x-timer': 'S1405422822.765725,VS0,VE155',
25 silly registry.get     'keep-alive': 'timeout=10, max=50',
25 silly registry.get     connection: 'Keep-Alive' } ]
26 silly lockFile 421d451a-https https@
27 silly lockFile 421d451a-https https@
28 error 404 'https' is not in the npm registry.
28 error 404 You should bug the author to publish it
28 error 404 It was specified as a dependency of 'ProduccionServer'
28 error 404
28 error 404 Note that you can also install from a
28 error 404 tarball, folder, or http url, or git url.
29 error System Darwin 13.3.0
30 error command "node" "/usr/local/bin/npm" "instal" "https"
31 error cwd /Users/ikerib/www/produccionServer
32 error node -v v0.10.26
33 error npm -v 1.4.3
34 error code E404
35 verbose exit [ 1, true ]
